Clicked 29818C80
Clicked 23828C80
Clicked 24828C80
Clicked 26828C80
Clicked 24828C80
Clicked 23828C80
Clicked 29818C80
Clicked D3958C80
Clicked 29818C80
Clicked 23828C80
Clicked 29818C80
Clicked 23828C80
Clicked 29818C80
Clicked 29818C80
Clicked 23828C80
Clicked 24828C80
Clicked 26828C80
Clicked 28828C80
Clicked 6B958C80
Clicked D3958C80
Clicked 29818C80
Clicked 23828C80
Clicked 24828C80
Clicked 26828C80
Clicked 28828C80
Clicked 6B958C80
Clicked D3958C80
Clicked 29818C80
Clicked 29818C80
Clicked 29818C80
Clicked 23828C80
Clicked 24828C80
Clicked 26828C80
Clicked 28828C80
Clicked 6B958C80
Clicked D3958C80
Clicked 29818C80
Clicked D3958C80
Clicked 29818C80
Clicked 29818C80
Clicked 23828C80
Clicked 24828C80
Clicked 23828C80
Clicked 29818C80
Clicked 29818C80
Clicked 23828C80
Clicked 29818C80
Clicked 29818C80
Clicked 29818C80
Clicked 29818C80
Clicked 23828C80
Clicked 24828C80
Clicked 23828C80
Clicked 29818C80
Clicked D3958C80
Clicked 6B958C80
Clicked 28828C80
Clicked 26828C80
Clicked 24828C80
Clicked 23828C80
Clicked 29818C80
Clicked D3958C80
Clicked 6B958C80
Clicked 28828C80
Clicked 6B958C80
Clicked 28828C80
Clicked 6B958C80
Clicked 28828C80
Clicked 6B958C80
Clicked 28828C80
Clicked 6B958C80
Clicked 28828C80
Clicked 26828C80
Clicked 28828C80
Clicked 6B958C80
Clicked D3958C80
Clicked 29818C80
Clicked 23828C80
Clicked 24828C80
Clicked 26828C80
Clicked 28828C80
Clicked 6B958C80
Clicked D3958C80
Clicked 29818C80
Clicked D3958C80
Clicked 29818C80
Clicked 23828C80
Clicked 29818C80
Clicked 23828C80
Clicked 24828C80
Clicked 26828C80
Clicked 28828C80
Clicked 6B958C80
Clicked D3958C80
Clicked 6B958C80
Clicked 28828C80
Clicked 26828C80
Clicked 28828C80
Clicked 6B958C80
Clicked D3958C80
Clicked 29818C80
Clicked 23828C80
Clicked 24828C80
Clicked 26828C80
Clicked 28828C80
Clicked C0E06C81
Clicked B5E06C81
Clicked BFE06C81
Clicked C0E06C81
Clicked B5E06C81
Clicked 8E1ACD80
Clicked 2E00CD80
Clicked 4300CD80
Clicked 4400CD80
Clicked 5E00CD80
Clicked 4400CD80
Clicked 4300CD80
Clicked 2E00CD80
Clicked 2E00CD80
Clicked 2E00CD80
Clicked 2E00CD80
Clicked 4300CD80
Clicked 4400CD80
Clicked 5E00CD80
Clicked 5F00CD80
Clicked 2002CD80
Clicked 2802CD80
Clicked 4B02CD80
Clicked 2802CD80
Clicked 2002CD80
Clicked D3958C80
Clicked 29818C80
Clicked 29818C80
Clicked D3958C80
Clicked 29818C80
Clicked 29818C80
Clicked 29818C80
Clicked 29818C80
Clicked D3958C80
Clicked D3958C80
Clicked D3958C80
Clicked D3958C80
Clicked D3958C80
Clicked 29818C80
Clicked 23828C80
Clicked 24828C80
Clicked D3958C80
Clicked 29818C80
Clicked 23828C80
Clicked 24828C80
Clicked D3958C80
Clicked D3958C80
Clicked D3958C80
Clicked D3958C80
Clicked 29818C80
Clicked 23828C80
Clicked 24828C80
Clicked 26828C80
Clicked 28828C80
Clicked 26828C80
Clicked 28828C80
Clicked 6B958C80
Clicked D3958C80
Clicked 29818C80
Clicked 23828C80
Clicked 29818C80
Clicked D3958C80
Clicked 6B958C80
Clicked 28828C80
Clicked 26828C80
Clicked 24828C80
Clicked 23828C80
Clicked 29818C80
Clicked 23828C80
Clicked 24828C80
Clicked 23828C80
Clicked 29818C80
Clicked D3958C80
Clicked 29818C80
Clicked D3958C80
Clicked 6B958C80
Clicked 28828C80
Clicked 6B958C80
Clicked 28828C80
Clicked 6B958C80
Clicked 28828C80
Clicked 26828C80
Clicked 24828C80
Clicked 23828C80
Clicked 29818C80
Clicked D3958C80
Clicked 29818C80
Clicked 23828C80
Clicked 24828C80
Clicked 26828C80
Clicked 28828C80
Clicked 6B958C80
Clicked 28828C80
Clicked 26828C80
Clicked 24828C80
Clicked 23828C80
Clicked 29818C80
Clicked 23828C80
Clicked 24828C80
Clicked 26828C80
Clicked 28828C80
Clicked 6B958C80
Clicked D3958C80
Clicked 29818C80
Clicked D3958C80
Clicked 6B958C80
Clicked 28828C80
Clicked 26828C80
Clicked D3958C80
Clicked 29818C80
Clicked 23828C80
Clicked 24828C80
Clicked 26828C80
Clicked 28828C80
Clicked 26828C80
Clicked 24828C80
Clicked 23828C80
Clicked 29818C80
Clicked D3958C80
Clicked 29818C80
Clicked 23828C80
Clicked 24828C80
Clicked 26828C80
Clicked 28828C80
Clicked 6B958C80
Clicked 28828C80
Clicked 6B958C80
Clicked 28828C80
Clicked 6B958C80
Clicked D3958C80
Clicked 29818C80
Clicked D3958C80
Clicked 88BF8E80
Clicked D3958C80
Clicked 29818C80
Clicked 23828C80
Clicked 24828C80
Clicked 26828C80
Clicked 28828C80
Clicked 6B958C80
Clicked 29818C80
Clicked 29818C80
Clicked 23828C80
Clicked 24828C80
Clicked 26828C80
Clicked 24828C80
Clicked 26828C80
Clicked 28828C80
Clicked 6B958C80
Clicked 29818C80
Clicked 23828C80
Clicked 24828C80
Clicked 26828C80
Clicked 29818C80
Clicked 26828C80
Clicked 24828C80
Clicked 23828C80
Clicked 24828C80
Clicked 23828C80
Clicked 24828C80
Clicked 23828C80
Clicked 29818C80
Clicked D3958C80
Clicked 29818C80
Clicked 23828C80
Clicked 24828C80
Clicked 26828C80
Clicked 24828C80
Clicked 26828C80
Clicked 24828C80
Clicked 26828C80
Clicked 28828C80
Clicked D3958C80
Clicked D3958C80
Clicked D3958C80
Clicked D3958C80
Clicked D3958C80
Clicked D3958C80
Clicked D3958C80
Clicked D3958C80
Clicked D3958C80
Clicked D3958C80
Clicked D3958C80
Clicked D3958C80
Clicked D3958C80
Clicked D3958C80
Clicked D3958C80
Clicked D3958C80
Clicked D3958C80
Clicked D3958C80
Clicked D3958C80
Clicked D3958C80
Clicked D3958C80
Clicked D3958C80
Clicked D3958C80
Clicked D3958C80
Clicked D3958C80
Clicked D3958C80
Clicked D3958C80
Clicked D3958C80
Clicked D3958C80
Clicked D3958C80
Clicked D3958C80
Clicked D3958C80
Clicked D3958C80
Clicked D3958C80
Clicked D3958C80
Clicked D3958C80
Clicked D3958C80
Clicked D3958C80
Clicked D3958C80
Clicked D3958C80
Clicked D3958C80
Clicked D3958C80
Clicked D3958C80
Clicked D3958C80
Clicked D3958C80
Clicked D3958C80
Clicked D3958C80
Clicked D3958C80
Clicked D3958C80
Clicked D3958C80
Clicked 29818C80
Clicked 23828C80
Clicked 24828C80
Clicked 26828C80
Clicked 28828C80
Clicked 6B958C80
Clicked D3958C80
Clicked 29818C80
Clicked 23828C80
Clicked 24828C80
Clicked 26828C80
Clicked 24828C80
Clicked 23828C80
Clicked 29818C80
Clicked 23828C80
Clicked 24828C80
Clicked 26828C80
Clicked 28828C80
Clicked D3958C80
Clicked 29818C80
Clicked 23828C80
Clicked 24828C80
Clicked 26828C80
Clicked 28828C80
Clicked 26828C80
Clicked 24828C80
Clicked 23828C80
Clicked 29818C80
Clicked 23828C80
Clicked 24828C80
Clicked 26828C80
Clicked 28828C80
Clicked 6B958C80
Clicked D3958C80
Clicked D3958C80
Clicked 29818C80
Clicked 23828C80
Clicked 24828C80
Clicked 26828C80
Clicked 24828C80
Clicked 23828C80
Clicked 24828C80
Clicked 26828C80
Clicked 28828C80
Clicked 6B958C80
Clicked D3958C80
Clicked 29818C80
Clicked 23828C80
Clicked 24828C80
Clicked 26828C80
Clicked 28828C80
Clicked 6B958C80
Clicked D3958C80
Clicked 29818C80
Clicked 23828C80
Clicked 24828C80
Clicked 26828C80
Clicked 28828C80
Clicked 6B958C80
Clicked D3958C80
Clicked 29818C80
Clicked 23828C80
Clicked 24828C80
Clicked 26828C80
Clicked 28828C80
Clicked 26828C80
Clicked 24828C80
Clicked 23828C80
Clicked D3958C80
Clicked 6B958C80
Clicked 28828C80
Clicked 26828C80
Clicked 24828C80
Clicked 23828C80
Clicked 29818C80
Clicked D3958C80
Clicked 29818C80
Clicked 23828C80
Clicked 24828C80
Clicked 26828C80
Clicked 28828C80
Clicked 26828C80
Clicked 24828C80
Clicked 23828C80
Clicked 29818C80
Clicked 23828C80
Clicked 24828C80
Clicked D3958C80
Clicked 29818C80
Clicked 23828C80
Clicked 24828C80
Clicked 26828C80
Clicked 24828C80
Clicked 23828C80
Clicked 24828C80
Clicked 26828C80
Clicked 28828C80
Clicked 6B958C80
Clicked D3958C80
Clicked 6B958C80
Clicked D3958C80
Clicked 29818C80
Clicked 23828C80
Clicked 24828C80
Clicked 26828C80
Clicked 28828C80
Clicked 26828C80
Clicked 24828C80
Clicked 23828C80
Clicked 24828C80
Clicked 26828C80
Clicked D3958C80
Clicked 29818C80
Clicked 23828C80
Clicked 24828C80
Clicked 26828C80
Clicked 24828C80
Clicked 23828C80
Clicked 29818C80
Clicked 23828C80
Clicked 29818C80
Clicked 29818C80
Clicked 23828C80
Clicked 24828C80
Clicked 26828C80
Clicked 28828C80
Clicked 26828C80
Clicked 24828C80
Clicked D3958C80
Clicked 29818C80
Clicked 23828C80
Clicked 24828C80
Clicked 26828C80
Clicked 28828C80
Clicked 26828C80
Clicked D3958C80
Clicked 29818C80
Clicked 23828C80
Clicked 24828C80
Clicked 26828C80
Clicked 28828C80
Clicked 26828C80
Clicked 24828C80
Clicked 29818C80
Clicked 29818C80
Clicked 29818C80
Clicked 23828C80
Clicked 24828C80
Clicked 26828C80
Clicked 24828C80
Clicked 23828C80
Clicked 29818C80
Clicked D3958C80
Clicked 6B958C80
Clicked D3958C80
Clicked 29818C80
Clicked 23828C80
Clicked 29818C80
Clicked 29818C80
Clicked 23828C80
Clicked 24828C80
Clicked 26828C80
Clicked 28828C80
Clicked 26828C80
Clicked 24828C80
Clicked D3958C80
Clicked 29818C80
Clicked 23828C80
Clicked 24828C80
Clicked 26828C80
Clicked 28828C80
Clicked 6B958C80
Clicked D3958C80
Clicked 6B958C80
Clicked 28828C80
Clicked 26828C80
Clicked B31FCE80
Clicked 0102CE80
Clicked 9906CE80
Clicked 9A06CE80
Clicked 9906CE80
Clicked 0102CE80
Clicked 9906CE80
Clicked 9A06CE80
Clicked 9B06CE80
Clicked 1107CE80
Clicked 1407CE80
Clicked 1507CE80
Clicked 5E0BCE80
Clicked 0D0CCE80
Clicked 150CCE80
Clicked 160CCE80
Clicked 2810CE80
Clicked 2810CE80
Clicked 2810CE80
Clicked 3910CE80
Clicked 4F10CE80
Clicked BC11CE80
Clicked BD11CE80
Clicked 791ACE80
Clicked 951CCE80
Clicked B31FCE80
Clicked B31FCE80
Clicked B31FCE80
Clicked B31FCE80
Clicked 951CCE80
Clicked B31FCE80
Clicked B31FCE80
Clicked B31FCE80
Clicked 951CCE80
Clicked 791ACE80
Clicked BD11CE80
Clicked BC11CE80
Clicked 5EE37981
Clicked 5EE37981
Clicked 60E37981
Clicked 70E37981
Clicked 72E37981
Clicked 8AE37981
Clicked BFE37981
Clicked 8AE37981
Clicked 72E37981
Clicked 70E37981
Clicked 60E37981
Clicked 5EE37981
Clicked 5EE37981
Clicked 60E37981
Clicked 70E37981
Clicked 72E37981
Clicked 8AE37981
Clicked BFE37981
Clicked CFE37981
Clicked E6E37981
Clicked 01E47981
Clicked 03E47981
Clicked 05E47981
Clicked 07E47981
Clicked 09E47981
Clicked 0BE47981
Clicked 0DE47981
Clicked 1DE47981
Clicked 1EE47981
Clicked 1FE47981
Clicked 20E47981
Clicked 21E47981
Clicked 22E47981
Clicked 23E47981
Clicked CAE47981
Clicked CBE47981
Clicked 29818C80
Clicked 29818C80
Clicked 23828C80
Clicked 24828C80
Clicked 26828C80
Clicked 28828C80
Clicked 6B958C80
Clicked D3958C80
Clicked 29818C80
Clicked D3958C80
Clicked 29818C80
Clicked 29818C80
Clicked 23828C80
Clicked 24828C80
Clicked 26828C80
Clicked 28828C80
Clicked 26828C80
Clicked 24828C80
Clicked 23828C80
Clicked 24828C80
Clicked 26828C80
Clicked D3958C80
Clicked 29818C80
Clicked 29818C80
Clicked 29818C80
Clicked 23828C80
Clicked 24828C80
Clicked 26828C80
Clicked 28828C80
Clicked 6B958C80
Clicked D3958C80
Clicked 29818C80
Clicked 23828C80
Clicked 24828C80
Clicked 26828C80
Clicked 28828C80
Clicked 6B958C80
Clicked D3958C80
Clicked 29818C80
Clicked 23828C80
Clicked 24828C80
Clicked 26828C80
Clicked 28828C80
Clicked 6B958C80
Clicked D3958C80
Clicked 29818C80
Clicked 23828C80
Clicked 24828C80
Clicked 26828C80
